<?xml version="1.0" encoding="UTF-8"?>
<!-- Generated by org.testng.reporters.JUnitReportReporter -->
<testsuite hostname="GaneshBabu" failures="0" tests="1" name="flipkartMyProfile_TestCases.TC_flipkartMyProfile004" time="47.477" errors="0" timestamp="2021-07-13T12:52:17 IST" skipped="0">
  <testcase classname="flipkartMyProfile_TestCases.TC_flipkartMyProfile004" name="Addtocart" time="47.477"/>
  <system-out/>
</testsuite> <!-- flipkartMyProfile_TestCases.TC_flipkartMyProfile004 -->
