<?xml version="1.0" encoding="UTF-8"?>
<!-- Generated by org.testng.reporters.JUnitReportReporter -->
<testsuite hostname="GaneshBabu" failures="0" tests="1" name="flipkartMyProfile_TestCases.TC_flipkartMyProfile002" time="8.177" errors="0" timestamp="2021-07-13T13:14:38 IST" skipped="0">
  <testcase classname="flipkartMyProfile_TestCases.TC_flipkartMyProfile002" name="profileinfo" time="8.177"/>
  <system-out/>
</testsuite> <!-- flipkartMyProfile_TestCases.TC_flipkartMyProfile002 -->
